TutorialCPP/proj.android-studio/app/build/outputs/logs/manifest-merger-debug-report.txt
-- Merging decision tree log ---
manifest
ADDED from proj.android-studio/app/AndroidManifest.xml:2:1-32:12
	package
		ADDED from proj.android-studio/app/AndroidManifest.xml:3:5-42
		INJECTED from proj.android-studio/app/AndroidManifest.xml
		INJECTED from proj.android-studio/app/AndroidManifest.xml
	android:versionName
		INJECTED from proj.android-studio/app/AndroidManifest.xml
		INJECTED from proj.android-studio/app/AndroidManifest.xml
	xmlns:android
		ADDED from proj.android-studio/app/AndroidManifest.xml:2:11-69
	android:versionCode
		INJECTED from proj.android-studio/app/AndroidManifest.xml
		INJECTED from proj.android-studio/app/AndroidManifest.xml
	android:installLocation
		ADDED from proj.android-studio/app/AndroidManifest.xml:4:5-35
uses-feature#0x00020000
ADDED from proj.android-studio/app/AndroidManifest.xml:6:5-54
	android:glEsVersion
		ADDED from proj.android-studio/app/AndroidManifest.xml:6:19-51
application
ADDED from proj.android-studio/app/AndroidManifest.xml:8:5-28:19
MERGED from [proj.android-studio:libcocos2dx:unspecified] AndroidManifest.xml:11:5-14:19
	android:label
		ADDED from [proj.android-studio:libcocos2dx:unspecified] AndroidManifest.xml:13:9-36
	android:allowBackup
		ADDED from proj.android-studio/app/AndroidManifest.xml:9:9-35
	android:icon
		ADDED from proj.android-studio/app/AndroidManifest.xml:10:9-43
meta-data#android.app.lib_name
ADDED from proj.android-studio/app/AndroidManifest.xml:13:9-14:45
	android:value
		ADDED from proj.android-studio/app/AndroidManifest.xml:14:20-42
	android:name
		ADDED from proj.android-studio/app/AndroidManifest.xml:13:20-55
activity#org.cocos2dx.cpp.AppActivity
ADDED from proj.android-studio/app/AndroidManifest.xml:16:9-27:20
	android:screenOrientation
		ADDED from proj.android-studio/app/AndroidManifest.xml:18:13-50
	android:label
		ADDED from proj.android-studio/app/AndroidManifest.xml:20:13-45
	android:configChanges
		ADDED from proj.android-studio/app/AndroidManifest.xml:19:13-74
	android:theme
		ADDED from proj.android-studio/app/AndroidManifest.xml:21:13-71
	android:name
		ADDED from proj.android-studio/app/AndroidManifest.xml:17:13-56
intent-filter#android.intent.action.MAIN+android.intent.category.LAUNCHER
ADDED from proj.android-studio/app/AndroidManifest.xml:22:13-26:29
action#android.intent.action.MAIN
ADDED from proj.android-studio/app/AndroidManifest.xml:23:17-69
	android:name
		ADDED from proj.android-studio/app/AndroidManifest.xml:23:25-66
category#android.intent.category.LAUNCHER
ADDED from proj.android-studio/app/AndroidManifest.xml:25:17-77
	android:name
		ADDED from proj.android-studio/app/AndroidManifest.xml:25:27-74
uses-permission#android.permission.INTERNET
ADDED from proj.android-studio/app/AndroidManifest.xml:30:5-66
	android:name
		ADDED from proj.android-studio/app/AndroidManifest.xml:30:22-64
uses-sdk
INJECTED from proj.android-studio/app/AndroidManifest.xml reason: use-sdk injection requested
MERGED from [proj.android-studio:libcocos2dx:unspecified] AndroidManifest.xml:7:5-9:41
	android:targetSdkVersion
		INJECTED from proj.android-studio/app/AndroidManifest.xml
		INJECTED from proj.android-studio/app/AndroidManifest.xml
	android:minSdkVersion
		INJECTED from proj.android-studio/app/AndroidManifest.xml
		INJECTED from proj.android-studio/app/AndroidManifest.xml